<?xml version="1.0" encoding="UTF-8"?>
<!-- Generated by org.testng.reporters.JUnitReportReporter -->
<testsuite skipped="0" hostname="LAPTOP-CHPRGC7C" name="test.AddContactTest" tests="1" failures="0" timestamp="2022-06-13T15:00:24 CDT" time="31.303" errors="0">
  <testcase name="validUserShouldBeAbleToAddCustomer" time="31.303" classname="test.AddContactTest"/>
  <system-out/>
</testsuite> <!-- test.AddContactTest -->
