<?xml version="1.0" encoding="UTF-8"?>
<!-- Generated by org.testng.reporters.JUnitReportReporter -->
<testsuite skipped="0" hostname="LAPTOP-CHPRGC7C" name="test.LoginTest" tests="1" failures="0" timestamp="2022-06-13T12:37:25 CDT" time="4.593" errors="0">
  <testcase name="validUserShouldBeAbleToLogin" time="4.593" classname="test.LoginTest"/>
  <system-out/>
</testsuite> <!-- test.LoginTest -->
