<?xml version="1.0" encoding="UTF-8"?>
<!-- Generated by org.testng.reporters.JUnitReportReporter -->
<testsuite skipped="0" hostname="LAPTOP-CHPRGC7C" name="test.BankAndCashTest" tests="2" failures="0" timestamp="2022-06-13T16:07:08 CDT" time="31.238" errors="0">
  <testcase name="validUserShouldBeAbleToAddAccount" time="9.866" classname="test.BankAndCashTest"/>
  <system-out/>
  <testcase name="validUserShouldBeAbleToAddCustomer" time="21.372" classname="test.BankAndCashTest"/>
  <system-out/>
</testsuite> <!-- test.BankAndCashTest -->
